<?xml version="1.0" encoding="UTF-8"?>
<testng-results skipped="0" failed="0" ignored="0" total="1" passed="1">
  <reporter-output>
  </reporter-output>
  <suite name="testng.verifyphpsiteTest" duration-ms="4543" started-at="2019-03-29T02:15:31Z" finished-at="2019-03-29T02:15:36Z">
    <groups>
    </groups>
    <test name="Command line test" duration-ms="4543" started-at="2019-03-29T02:15:31Z" finished-at="2019-03-29T02:15:36Z">
      <class name="testng.verifyphpsiteTest">
        <test-method status="PASS" signature="launch()[pri:0, instance:testng.verifyphpsiteTest@79b4d0f]" name="launch" is-config="true" duration-ms="4408" started-at="2019-03-29T02:15:31Z" finished-at="2019-03-29T02:15:36Z">
          <reporter-output>
          </reporter-output>
        </test-method> <!-- launch -->
        <test-method status="PASS" signature="about()[pri:0, instance:testng.verifyphpsiteTest@79b4d0f]" name="about" duration-ms="107" started-at="2019-03-29T02:15:36Z" finished-at="2019-03-29T02:15:36Z">
          <reporter-output>
          </reporter-output>
        </test-method> <!-- about -->
        <test-method status="PASS" signature="close()[pri:0, instance:testng.verifyphpsiteTest@79b4d0f]" name="close" is-config="true" duration-ms="0" started-at="2019-03-29T02:15:36Z" finished-at="2019-03-29T02:15:36Z">
          <reporter-output>
          </reporter-output>
        </test-method> <!-- close -->
      </class> <!-- testng.verifyphpsiteTest -->
    </test> <!-- Command line test -->
  </suite> <!-- testng.verifyphpsiteTest -->
</testng-results>
